<?xml version="1.0" encoding="UTF-8"?>
<testsuite name="AssignmentTest" tests="1" skipped="0" failures="1" errors="0" timestamp="2020-11-03T21:32:58" hostname="LAPTOP-D02A20DP" time="0.117">
  <properties/>
  <testcase name="testUpdate" classname="AssignmentTest" time="0.117">
    <failure message="java.lang.ExceptionInInitializerError" type="java.lang.ExceptionInInitializerError">java.lang.ExceptionInInitializerError
	at tornadofx.AbstractField.&lt;init&gt;(Forms.kt:253)
	at tornadofx.Field.&lt;init&gt;(Forms.kt:229)
	at tornadofx.FormsKt.field(Forms.kt:54)
	at tornadofx.FormsKt.field$default(Forms.kt:53)
	at com.stub.view.crud.AssignmentList$root$1$1$1$1.invoke(AssignmentList.kt:26)
	at com.stub.view.crud.AssignmentList$root$1$1$1$1.invoke(AssignmentList.kt:10)
	at tornadofx.FormsKt.fieldset(Forms.kt:346)
	at tornadofx.FormsKt.fieldset$default(Forms.kt:25)
	at com.stub.view.crud.AssignmentList$root$1$1$1.invoke(AssignmentList.kt:25)
	at com.stub.view.crud.AssignmentList$root$1$1$1.invoke(AssignmentList.kt:10)
	at tornadofx.FormsKt.form(Forms.kt:342)
	at com.stub.view.crud.AssignmentList$root$1$1.invoke(AssignmentList.kt:24)
	at com.stub.view.crud.AssignmentList$root$1$1.invoke(AssignmentList.kt:10)
	at tornadofx.LayoutsKt.vbox(Layouts.kt:433)
	at tornadofx.LayoutsKt.vbox$default(Layouts.kt:144)
	at com.stub.view.crud.AssignmentList$root$1.invoke(AssignmentList.kt:23)
	at com.stub.view.crud.AssignmentList$root$1.invoke(AssignmentList.kt:10)
	at tornadofx.LayoutsKt.borderpane(Layouts.kt:465)
	at com.stub.view.crud.AssignmentList.&lt;init&gt;(AssignmentList.kt:22)
	at sun.reflect.NativeConstructorAccessorImpl.newInstance0(Native Method)
	at sun.reflect.NativeConstructorAccessorImpl.newInstance(NativeConstructorAccessorImpl.java:62)
	at sun.reflect.DelegatingConstructorAccessorImpl.newInstance(DelegatingConstructorAccessorImpl.java:45)
	at java.lang.reflect.Constructor.newInstance(Constructor.java:423)
	at java.lang.Class.newInstance(Class.java:442)
	at tornadofx.FXKt.find(FX.kt:434)
	at com.stub.util.AssignmentDao$$special$$inlined$inject$1.getValue(Component.kt:1341)
	at com.stub.util.AssignmentDao$$special$$inlined$inject$1.getValue(Component.kt:190)
	at com.stub.util.AssignmentDao.getAssignmentList(AssignmentDao.kt)
	at com.stub.util.AssignmentDao.updateAssignment(AssignmentDao.kt:65)
	at AssignmentTest.testUpdate(AssignmentTest.kt:42)
	at sun.reflect.NativeMethodAccessorImpl.invoke0(Native Method)
	at sun.reflect.NativeMethodAccessorImpl.invoke(NativeMethodAccessorImpl.java:62)
	at sun.reflect.DelegatingMethodAccessorImpl.invoke(DelegatingMethodAccessorImpl.java:43)
	at java.lang.reflect.Method.invoke(Method.java:498)
	at org.junit.runners.model.FrameworkMethod$1.runReflectiveCall(FrameworkMethod.java:50)
	at org.junit.internal.runners.model.ReflectiveCallable.run(ReflectiveCallable.java:12)
	at org.junit.runners.model.FrameworkMethod.invokeExplosively(FrameworkMethod.java:47)
	at org.junit.internal.runners.statements.InvokeMethod.evaluate(InvokeMethod.java:17)
	at org.junit.internal.runners.statements.RunAfters.evaluate(RunAfters.java:27)
	at org.junit.runners.ParentRunner.runLeaf(ParentRunner.java:325)
	at org.junit.runners.BlockJUnit4ClassRunner.runChild(BlockJUnit4ClassRunner.java:78)
	at org.junit.runners.BlockJUnit4ClassRunner.runChild(BlockJUnit4ClassRunner.java:57)
	at org.junit.runners.ParentRunner$3.run(ParentRunner.java:290)
	at org.junit.runners.ParentRunner$1.schedule(ParentRunner.java:71)
	at org.junit.runners.ParentRunner.runChildren(ParentRunner.java:288)
	at org.junit.runners.ParentRunner.access$000(ParentRunner.java:58)
	at org.junit.runners.ParentRunner$2.evaluate(ParentRunner.java:268)
	at org.junit.runners.ParentRunner.run(ParentRunner.java:363)
	at org.gradle.api.internal.tasks.testing.junit.JUnitTestClassExecutor.runTestClass(JUnitTestClassExecutor.java:110)
	at org.gradle.api.internal.tasks.testing.junit.JUnitTestClassExecutor.execute(JUnitTestClassExecutor.java:58)
	at org.gradle.api.internal.tasks.testing.junit.JUnitTestClassExecutor.execute(JUnitTestClassExecutor.java:38)
	at org.gradle.api.internal.tasks.testing.junit.AbstractJUnitTestClassProcessor.processTestClass(AbstractJUnitTestClassProcessor.java:62)
	at org.gradle.api.internal.tasks.testing.SuiteTestClassProcessor.processTestClass(SuiteTestClassProcessor.java:51)
	at sun.reflect.NativeMethodAccessorImpl.invoke0(Native Method)
	at sun.reflect.NativeMethodAccessorImpl.invoke(NativeMethodAccessorImpl.java:62)
	at sun.reflect.DelegatingMethodAccessorImpl.invoke(DelegatingMethodAccessorImpl.java:43)
	at java.lang.reflect.Method.invoke(Method.java:498)
	at org.gradle.internal.dispatch.ReflectionDispatch.dispatch(ReflectionDispatch.java:36)
	at org.gradle.internal.dispatch.ReflectionDispatch.dispatch(ReflectionDispatch.java:24)
	at org.gradle.internal.dispatch.ContextClassLoaderDispatch.dispatch(ContextClassLoaderDispatch.java:33)
	at org.gradle.internal.dispatch.ProxyDispatchAdapter$DispatchingInvocationHandler.invoke(ProxyDispatchAdapter.java:94)
	at com.sun.proxy.$Proxy2.processTestClass(Unknown Source)
	at org.gradle.api.internal.tasks.testing.worker.TestWorker.processTestClass(TestWorker.java:118)
	at sun.reflect.NativeMethodAccessorImpl.invoke0(Native Method)
	at sun.reflect.NativeMethodAccessorImpl.invoke(NativeMethodAccessorImpl.java:62)
	at sun.reflect.DelegatingMethodAccessorImpl.invoke(DelegatingMethodAccessorImpl.java:43)
	at java.lang.reflect.Method.invoke(Method.java:498)
	at org.gradle.internal.dispatch.ReflectionDispatch.dispatch(ReflectionDispatch.java:36)
	at org.gradle.internal.dispatch.ReflectionDispatch.dispatch(ReflectionDispatch.java:24)
	at org.gradle.internal.remote.internal.hub.MessageHubBackedObjectConnection$DispatchWrapper.dispatch(MessageHubBackedObjectConnection.java:182)
	at org.gradle.internal.remote.internal.hub.MessageHubBackedObjectConnection$DispatchWrapper.dispatch(MessageHubBackedObjectConnection.java:164)
	at org.gradle.internal.remote.internal.hub.MessageHub$Handler.run(MessageHub.java:412)
	at org.gradle.internal.concurrent.ExecutorPolicy$CatchAndRecordFailures.onExecute(ExecutorPolicy.java:64)
	at org.gradle.internal.concurrent.ManagedExecutorImpl$1.run(ManagedExecutorImpl.java:48)
	at java.util.concurrent.ThreadPoolExecutor.runWorker(ThreadPoolExecutor.java:1149)
	at java.util.concurrent.ThreadPoolExecutor$Worker.run(ThreadPoolExecutor.java:624)
	at org.gradle.internal.concurrent.ThreadFactoryImpl$ManagedThreadRunnable.run(ThreadFactoryImpl.java:56)
	at java.lang.Thread.run(Thread.java:748)
Caused by: java.lang.IllegalStateException: Toolkit not initialized
	at com.sun.javafx.application.PlatformImpl.runLater(PlatformImpl.java:273)
	at com.sun.javafx.application.PlatformImpl.runLater(PlatformImpl.java:268)
	at com.sun.javafx.application.PlatformImpl.setPlatformUserAgentStylesheet(PlatformImpl.java:550)
	at com.sun.javafx.application.PlatformImpl.setDefaultPlatformUserAgentStylesheet(PlatformImpl.java:512)
	at javafx.scene.control.Control.&lt;clinit&gt;(Control.java:87)
	... 78 more
</failure>
  </testcase>
  <system-out><![CDATA[0 row deleted
]]></system-out>
  <system-err><![CDATA[5 [Test worker] INFO com.stub.controller.AssignmentController - Launching STUB
]]></system-err>
</testsuite>
